<?xml version="1.0" encoding="UTF-8"?>
<!-- Generated by org.testng.reporters.JUnitXMLReporter -->
<testsuite ignored="0" hostname="MacBook-Pro-Ulia.local" failures="0" tests="6" name="Surefire test" time="9.909" errors="0" timestamp="2025-11-25T20:29:07 AZOT">
  <testcase classname="base.BaseTest" name="@BeforeMethod setUp" time="0.217">
    <skipped/>
  </testcase> <!-- @BeforeMethod setUp -->
  <testcase classname="base.BaseTest" name="@BeforeMethod setUp" time="0.187">
    <skipped/>
  </testcase> <!-- @BeforeMethod setUp -->
  <testcase classname="base.BaseTest" name="@BeforeMethod setUp" time="0.19">
    <skipped/>
  </testcase> <!-- @BeforeMethod setUp -->
  <testcase classname="base.BaseTest" name="@BeforeMethod setUp" time="0.184">
    <skipped/>
  </testcase> <!-- @BeforeMethod setUp -->
  <testcase classname="base.BaseTest" name="@BeforeMethod setUp" time="0.192">
    <skipped/>
  </testcase> <!-- @BeforeMethod setUp -->
  <testcase classname="tests.FilterTest" name="userCanFilterByBrand" time="3.446">
    <skipped/>
  </testcase> <!-- userCanFilterByBrand -->
  <testcase classname="tests.SearchTest" name="userCanSearchProduct" time="0.0">
    <skipped/>
  </testcase> <!-- userCanSearchProduct -->
  <testcase classname="tests.CategoryTest" name="userCanOpenCategory" time="0.0">
    <skipped/>
  </testcase> <!-- userCanOpenCategory -->
  <testcase classname="tests.ProductTest" name="userCanAddProductToCart" time="0.0">
    <skipped/>
  </testcase> <!-- userCanAddProductToCart -->
  <testcase classname="tests.NavigationTest" name="userCanNavigate" time="0.0">
    <skipped/>
  </testcase> <!-- userCanNavigate -->
  <testcase classname="tests.CartTest" name="userCanRemoveProductFromCart" time="0.0">
    <skipped/>
  </testcase> <!-- userCanRemoveProductFromCart -->
</testsuite> <!-- Surefire test -->
