<?xml version="1.0" encoding="UTF-8"?>
<testng-results ignored="0" total="1" passed="1" failed="0" skipped="0">
  <reporter-output>
  </reporter-output>
  <suite started-at="2025-11-15T23:30:46 WET" name="Surefire suite" finished-at="2025-11-15T23:30:59 WET" duration-ms="12845">
    <groups>
    </groups>
    <test started-at="2025-11-15T23:30:46 WET" name="Surefire test" finished-at="2025-11-15T23:30:59 WET" duration-ms="12845">
      <class name="tests.playwright.PlaywrightSmokeTest">
        <test-method signature="openRozetkaCategory()[pri:0, instance:tests.playwright.PlaywrightSmokeTest@51f116b8]" started-at="2025-11-15T23:30:46 WET" name="openRozetkaCategory" finished-at="2025-11-15T23:30:58 WET" duration-ms="12743" status="PASS">
          <reporter-output>
          </reporter-output>
        </test-method> <!-- openRozetkaCategory -->
      </class> <!-- tests.playwright.PlaywrightSmokeTest -->
    </test> <!-- Surefire test -->
  </suite> <!-- Surefire suite -->
</testng-results>
