<?xml version="1.0" encoding="UTF-8"?>
<testng-results ignored="0" total="1" passed="1" failed="0" skipped="0">
  <reporter-output>
  </reporter-output>
  <suite started-at="2025-11-15T21:54:17 WET" name="Surefire suite" finished-at="2025-11-15T21:54:27 WET" duration-ms="9786">
    <groups>
    </groups>
    <test started-at="2025-11-15T21:54:17 WET" name="Surefire test" finished-at="2025-11-15T21:54:27 WET" duration-ms="9786">
      <class name="tests.FirstTest">
        <test-method signature="openRozetkaHomePage()[pri:0, instance:tests.FirstTest@4da4253]" started-at="2025-11-15T21:54:17 WET" name="openRozetkaHomePage" finished-at="2025-11-15T21:54:27 WET" duration-ms="9630" status="PASS">
          <reporter-output>
          </reporter-output>
        </test-method> <!-- openRozetkaHomePage -->
      </class> <!-- tests.FirstTest -->
    </test> <!-- Surefire test -->
  </suite> <!-- Surefire suite -->
</testng-results>
